<?xml version="1.0" encoding="UTF-8" ?>
<testsuite tests="1" failures="0" name="testrunner.TestRunner" time="20.651" errors="0" skipped="0">
  <properties>
    <property name="JOB_NAME" value="selenium local"/>
    <property name="java.vendor" value="Oracle Corporation"/>
    <property name="sun.java.launcher" value="SUN_STANDARD"/>
    <property name="RUN_TESTS_DISPLAY_URL" value="http://localhost:8080/job/selenium%20local/29/display/redirect?page=tests"/>
    <property name="NUMBER_OF_PROCESSORS" value="12"/>
    <property name="sun.management.compiler" value="HotSpot 64-Bit Tiered Compilers"/>
    <property name="JENKINS_HOME" value="C:\Users\vamsh\.jenkins"/>
    <property name="FPS_BROWSER_USER_PROFILE_STRING" value="Default"/>
    <property name="HUDSON_SERVER_COOKIE" value="716f4ac68990d323"/>
    <property name="POM_ARTIFACTID" value="KredosApplication"/>
    <property name="os.name" value="Windows 11"/>
    <property name="EXECUTOR_NUMBER" value="1"/>
    <property name="sun.desktop" value="windows"/>
    <property name="PATHEXT" value=".COM;.EXE;.BAT;.CMD;.VBS;.VBE;.JS;.JSE;.WSF;.WSH;.MSC"/>
    <property name="POM_DISPLAYNAME" value="KredosApplication"/>
    <property name="java.vm.specification.vendor" value="Oracle Corporation"/>
    <property name="TEMP" value="C:\Users\vamsh\AppData\Local\Temp"/>
    <property name="NODE_LABELS" value="built-in"/>
    <property name="java.runtime.version" value="11.0.19+9-LTS-224"/>
    <property name="FPS_BROWSER_APP_PROFILE_STRING" value="Internet Explorer"/>
    <property name="user.name" value="vamsh"/>
    <property name="guice.disable.misplaced.annotation.check" value="true"/>
    <property name="CommonProgramW6432" value="C:\Program Files\Common Files"/>
    <property name="ProgramFiles" value="C:\Program Files"/>
    <property name="PROMPT" value="$P$G"/>
    <property name="user.language" value="en"/>
    <property name="JOB_BASE_NAME" value="selenium local"/>
    <property name="RUN_CHANGES_DISPLAY_URL" value="http://localhost:8080/job/selenium%20local/29/display/redirect?page=changes"/>
    <property name="BUILD_DISPLAY_NAME" value="#29"/>
    <property name="OneDrive" value="C:\Users\vamsh\OneDrive"/>
    <property name="sun.boot.library.path" value="C:\Program Files\Java\jdk-11\bin"/>
    <property name="java.vm.compressedOopsMode" value="Zero based"/>
    <property name="LOCALAPPDATA" value="C:\Users\vamsh\AppData\Local"/>
    <property name="java.version" value="11.0.19"/>
    <property name="user.timezone" value="Asia/Calcutta"/>
    <property name="PROCESSOR_LEVEL" value="6"/>
    <property name="USERNAME" value="vamsh"/>
    <property name="sun.arch.data.model" value="64"/>
    <property name="NODE_NAME" value="built-in"/>
    <property name="BUILD_ID" value="29"/>
    <property name="sun.cpu.isalist" value="amd64"/>
    <property name="sun.jnu.encoding" value="Cp1252"/>
    <property name="maven.conf" value="C:\Users\vamsh\apache-maven-3.9.4\conf"/>
    <property name="HOMEDRIVE" value="C:"/>
    <property name="file.separator" value="\"/>
    <property name="java.specification.name" value="Java Platform API Specification"/>
    <property name="java.class.version" value="55.0"/>
    <property name="=::" value="::\"/>
    <property name="org.slf4j.simpleLogger.defaultLogLevel" value="info"/>
    <property name="user.country" value="IN"/>
    <property name="ALLUSERSPROFILE" value="C:\ProgramData"/>
    <property name="java.home" value="C:\Program Files\Java\jdk-11"/>
    <property name="java.vm.info" value="mixed mode"/>
    <property name="os.version" value="10.0"/>
    <property name="RUN_DISPLAY_URL" value="http://localhost:8080/job/selenium%20local/29/display/redirect"/>
    <property name="POM_VERSION" value="0.0.1-SNAPSHOT"/>
    <property name="TMP" value="C:\Users\vamsh\AppData\Local\Temp"/>
    <property name="path.separator" value=";"/>
    <property name="RUN_ARTIFACTS_DISPLAY_URL" value="http://localhost:8080/job/selenium%20local/29/display/redirect?page=artifacts"/>
    <property name="java.vm.version" value="11.0.19+9-LTS-224"/>
    <property name="user.variant" value=""/>
    <property name="CommonProgramFiles(x86)" value="C:\Program Files (x86)\Common Files"/>
    <property name="JOB_DISPLAY_URL" value="http://localhost:8080/job/selenium%20local/display/redirect"/>
    <property name="USERDOMAIN_ROAMINGPROFILE" value="VAMSHI-VASSAR"/>
    <property name="java.awt.printerjob" value="sun.awt.windows.WPrinterJob"/>
    <property name="CommonProgramFiles" value="C:\Program Files\Common Files"/>
    <property name="sun.io.unicode.encoding" value="UnicodeLittle"/>
    <property name="JAVA_HOME" value="C:\Program Files\Java\jdk-11"/>
    <property name="ComSpec" value="C:\WINDOWS\system32\cmd.exe"/>
    <property name="HOMEPATH" value="\Users\vamsh"/>
    <property name="awt.toolkit" value="sun.awt.windows.WToolkit"/>
    <property name="POM_PACKAGING" value="jar"/>
    <property name="COMPUTERNAME" value="VAMSHI-VASSAR"/>
    <property name="user.script" value=""/>
    <property name="POM_GROUPID" value="KredosApplication"/>
    <property name="user.home" value="C:\Users\vamsh"/>
    <property name="PUBLIC" value="C:\Users\Public"/>
    <property name="BUILD_TAG" value="jenkins-selenium local-29"/>
    <property name="JENKINS_SERVER_COOKIE" value="716f4ac68990d323"/>
    <property name="HUDSON_URL" value="http://localhost:8080/"/>
    <property name="ProgramData" value="C:\ProgramData"/>
    <property name="java.version.date" value="2023-04-18"/>
    <property name="java.specification.vendor" value="Oracle Corporation"/>
    <property name="USERPROFILE" value="C:\Users\vamsh"/>
    <property name="CLASSPATH" value=""/>
    <property name="java.library.path" value="C:\Program Files\Java\jdk-11\bin;C:\WINDOWS\Sun\Java\bin;C:\WINDOWS\system32;C:\WINDOWS;C:\Users\vamsh\apache-maven-3.9.4/bin;C:\Program Files\Java\jdk-11/bin;C:\Program Files\Java\jdk-11/bin;C:\Program Files\Common Files\Oracle\Java\javapath;C:\WINDOWS\system32;C:\WINDOWS;C:\WINDOWS\System32\Wbem;C:\WINDOWS\System32\WindowsPowerShell\v1.0\;C:\WINDOWS\System32\OpenSSH\;C:\Program Files\nodejs\;C:\Program Files\Java\jdk-11\bin;C:\Users\vamsh\AppData\Local\Android\Sdk\platform-tools;C:\Users\vamsh\AppData\Local\Android\Sdk\cmdline-tools\latest;C:\Users\vamsh\AppData\Local\Android\Sdk\cmdline-tools\latest\bin;C:\Users\vamsh\AppData\Local\Android\Sdk;C:\Program Files\Git\cmd;C:\Users\vamsh\apache-maven-3.9.4\bin;C:\Users\vamsh\AppData\Local\Microsoft\WindowsApps;C:\Users\vamsh\AppData\Roaming\npm;."/>
    <property name="java.vendor.url" value="https://openjdk.java.net/"/>
    <property name="java.vm.vendor" value="Oracle Corporation"/>
    <property name="APPDATA" value="C:\Users\vamsh\AppData\Roaming"/>
    <property name="ZES_ENABLE_SYSMAN" value="1"/>
    <property name="EFC_7392" value="1"/>
    <property name="java.runtime.name" value="Java(TM) SE Runtime Environment"/>
    <property name="maven.home" value="C:\Users\vamsh\apache-maven-3.9.4"/>
    <property name="java.class.path" value="C:\Users\vamsh\.jenkins\plugins\maven-plugin\WEB-INF\lib\maven35-agent-1.14.jar;C:\Users\vamsh\apache-maven-3.9.4\boot\plexus-classworlds-2.7.0.jar;C:\Users\vamsh\apache-maven-3.9.4/conf/logging"/>
    <property name="sun.java.command" value="jenkins.maven3.agent.Maven35Main C:\Users\vamsh\apache-maven-3.9.4 C:\Users\vamsh\.jenkins\war\WEB-INF\lib\remoting-3107.v665000b_51092.jar C:\Users\vamsh\.jenkins\plugins\maven-plugin\WEB-INF\lib\maven35-interceptor-1.14.jar C:\Users\vamsh\.jenkins\plugins\maven-plugin\WEB-INF\lib\maven3-interceptor-commons-1.14.jar 50143"/>
    <property name="Path" value="C:\Program Files\Java\jdk-11/bin;C:\Program Files\Common Files\Oracle\Java\javapath;C:\WINDOWS\system32;C:\WINDOWS;C:\WINDOWS\System32\Wbem;C:\WINDOWS\System32\WindowsPowerShell\v1.0\;C:\WINDOWS\System32\OpenSSH\;C:\Program Files\nodejs\;C:\Program Files\Java\jdk-11\bin;C:\Users\vamsh\AppData\Local\Android\Sdk\platform-tools;C:\Users\vamsh\AppData\Local\Android\Sdk\cmdline-tools\latest;C:\Users\vamsh\AppData\Local\Android\Sdk\cmdline-tools\latest\bin;C:\Users\vamsh\AppData\Local\Android\Sdk;C:\Program Files\Git\cmd;C:\Users\vamsh\apache-maven-3.9.4\bin;C:\Users\vamsh\AppData\Local\Microsoft\WindowsApps;C:\Users\vamsh\AppData\Roaming\npm"/>
    <property name="jdk.debug" value="release"/>
    <property name="PROCESSOR_ARCHITECTURE" value="AMD64"/>
    <property name="java.vm.specification.name" value="Java Virtual Machine Specification"/>
    <property name="jansi.mode" value="strip"/>
    <property name="PATH+JDK" value="C:\Program Files\Java\jdk-11/bin"/>
    <property name="SESSIONNAME" value="Console"/>
    <property name="PROCESSOR_IDENTIFIER" value="Intel64 Family 6 Model 154 Stepping 4, GenuineIntel"/>
    <property name="java.vm.specification.version" value="11"/>
    <property name="M2_HOME" value="C:\Users\vamsh\apache-maven-3.9.4"/>
    <property name="sun.cpu.endian" value="little"/>
    <property name="sun.os.patch.level" value=""/>
    <property name="OS" value="Windows_NT"/>
    <property name="CI" value="true"/>
    <property name="java.io.tmpdir" value="C:\Users\vamsh\AppData\Local\Temp\"/>
    <property name="HUDSON_HOME" value="C:\Users\vamsh\.jenkins"/>
    <property name="PATH+MAVEN" value="C:\Users\vamsh\apache-maven-3.9.4/bin"/>
    <property name="ProgramFiles(x86)" value="C:\Program Files (x86)"/>
    <property name="java.vendor.url.bug" value="https://bugreport.java.com/bugreport/"/>
    <property name="BUILD_URL" value="http://localhost:8080/job/selenium%20local/29/"/>
    <property name="SystemRoot" value="C:\WINDOWS"/>
    <property name="os.arch" value="amd64"/>
    <property name="java.awt.graphicsenv" value="sun.awt.Win32GraphicsEnvironment"/>
    <property name="user.dir" value="C:\Users\vamsh\IdeaProjects\KredosApplication"/>
    <property name="JOB_URL" value="http://localhost:8080/job/selenium%20local/"/>
    <property name="LOGONSERVER" value="\\VAMSHI-VASSAR"/>
    <property name="USERDOMAIN" value="VAMSHI-VASSAR"/>
    <property name="MAVEN_HOME" value="C:\Users\vamsh\apache-maven-3.9.4"/>
    <property name="line.separator" value="
"/>
    <property name="java.vm.name" value="Java HotSpot(TM) 64-Bit Server VM"/>
    <property name="BUILD_NUMBER" value="29"/>
    <property name="PROCESSOR_REVISION" value="9a04"/>
    <property name="ANDROID_HOME" value="C:\Users\vamsh\AppData\Local\Android\Sdk"/>
    <property name="JENKINS_URL" value="http://localhost:8080/"/>
    <property name="ProgramW6432" value="C:\Program Files"/>
    <property name="windir" value="C:\WINDOWS"/>
    <property name="=C:" value="C:\Users\vamsh\Downloads"/>
    <property name="file.encoding" value="Cp1252"/>
    <property name="SystemDrive" value="C:"/>
    <property name="maven3.interceptor" value="C:\Users\vamsh\.jenkins\plugins\maven-plugin\WEB-INF\lib\maven35-interceptor-1.14.jar"/>
    <property name="WORKSPACE_TMP" value="C:\Users\vamsh\.jenkins\workspace\selenium local@tmp"/>
    <property name="WORKSPACE" value="C:\Users\vamsh\.jenkins\workspace\selenium local"/>
    <property name="maven3.interceptor.common" value="C:\Users\vamsh\.jenkins\plugins\maven-plugin\WEB-INF\lib\maven3-interceptor-commons-1.14.jar"/>
    <property name="PSModulePath" value="C:\Program Files\WindowsPowerShell\Modules;C:\WINDOWS\system32\WindowsPowerShell\v1.0\Modules"/>
    <property name="java.specification.version" value="11"/>
    <property name="DriverData" value="C:\Windows\System32\Drivers\DriverData"/>
    <property name="java.vendor.version" value="18.9"/>
  </properties>
  <testcase classname="testrunner.TestRunner" name="runScenario" time="20.651"/>
</testsuite>