<?xml version="1.0" encoding="UTF-8"?>
<!-- Generated by org.testng.reporters.JUnitReportReporter -->
<testsuite hostname="Vamshi-Vassar" failures="0" tests="1" name="testrunner.TestRunner" time="34.338" errors="0" timestamp="2023-08-12T23:14:25 IST" skipped="0">
  <testcase classname="testrunner.TestRunner" name="runScenario" time="34.338"/>
  <system-out/>
</testsuite> <!-- testrunner.TestRunner -->
