<?xml version="1.0" encoding="UTF-8"?>
<!-- Generated by org.testng.reporters.JUnitReportReporter -->
<testsuite hostname="Vamshi-Vassar" failures="0" tests="1" name="testrunner.TestRunner" time="37.514" errors="0" timestamp="2023-08-12T09:02:46 IST" skipped="0">
  <testcase classname="testrunner.TestRunner" name="runScenario" time="37.514"/>
  <system-out/>
</testsuite> <!-- testrunner.TestRunner -->
