<?xml version="1.0" encoding="UTF-8"?>
<!-- Generated by org.testng.reporters.JUnitReportReporter -->
<testsuite hostname="Vamshi-Vassar" failures="0" tests="1" name="testrunner.TestRunner" time="20.652" errors="0" timestamp="2023-08-16T12:39:29 IST" skipped="0">
  <testcase classname="testrunner.TestRunner" name="runScenario" time="20.652"/>
  <system-out/>
</testsuite> <!-- testrunner.TestRunner -->
